<?xml version="1.0" encoding="UTF-8" ?>
<testsuite errors="1" failures="0" hostname="Hems" name="testFile.PhpTravelsTestCase" skipped="0" tests="1" time="36.582" timestamp="2018-07-17T00:11:27">
  <properties>
    <property name="file.encoding.pkg" value="sun.io" />
    <property name="env.PROMPT" value="$P$G" />
    <property name="env.VS120COMNTOOLS" value="C:\Program Files (x86)\Microsoft Visual Studio 12.0\Common7\Tools\" />
    <property name="java.home" value="C:\Program Files\Java\jdk1.8.0_144\jre" />
    <property name="ws.jars" value="C:/SeleniumJars" />
    <property name="java.endorsed.dirs" value="C:\Program Files\Java\jdk1.8.0_144\jre\lib\endorsed" />
    <property name="env.USERNAME" value="HEMS$" />
    <property name="env.HUDSON_HOME" value="C:\Program Files (x86)\Jenkins" />
    <property name="env.java.home" value="C:\Program Files\Java\jre1.8.0_144" />
    <property name="sun.os.patch.level" value="" />
    <property name="java.vendor.url" value="http://java.oracle.com/" />
    <property name="env.COMPUTERNAME" value="HEMS" />
    <property name="env.=C:" value="C:\Selenium_Workspace_Re\PhpTravels_Junit_Ant_Reports" />
    <property name="env.ProgramFiles(x86)" value="C:\Program Files (x86)" />
    <property name="env.NODE_NAME" value="master" />
    <property name="java.version" value="1.8.0_144" />
    <property name="env.ANDROID_HOME" value="C:\Program Files (x86)\Android\android-sdk" />
    <property name="test.dest" value="C:\Selenium_Workspace_Re\PhpTravels_Junit_Ant_Reports/build" />
    <property name="env.NODE_LABELS" value="master" />
    <property name="env.JENKINS_SERVER_COOKIE" value="73c1d21d4cdf66df" />
    <property name="java.vendor.url.bug" value="http://bugreport.sun.com/bugreport/" />
    <property name="env.USERPROFILE" value="C:\WINDOWS\system32\config\systemprofile" />
    <property name="ant.project.invoked-targets" value="clean,compile,run" />
    <property name="env.SERVICE_ID" value="Jenkins" />
    <property name="env.SystemRoot" value="C:\WINDOWS" />
    <property name="TODAY_MY" value="20180716-201124" />
    <property name="user.name" value="HEMS$" />
    <property name="sun.io.unicode.encoding" value="UnicodeLittle" />
    <property name="sun.jnu.encoding" value="Cp1252" />
    <property name="java.runtime.name" value="Java(TM) SE Runtime Environment" />
    <property name="env.LOCALAPPDATA" value="C:\WINDOWS\system32\config\systemprofile\AppData\Local" />
    <property name="env.VS140COMNTOOLS" value="C:\Program Files (x86)\Microsoft Visual Studio 14.0\Common7\Tools\" />
    <property name="java.specification.name" value="Java Platform API Specification" />
    <property name="user.timezone" value="" />
    <property name="user.script" value="" />
    <property name="path.separator" value=";" />
    <property name="env.PROCESSOR_IDENTIFIER" value="Intel64 Family 6 Model 69 Stepping 1, GenuineIntel" />
    <property name="env._JAVACMD" value="C:\Program Files\Java\jdk1.8.0_144\bin\java.exe" />
    <property name="file.encoding" value="Cp1252" />
    <property name="ant.file.type.JunitProject2" value="file" />
    <property name="ant.project.default-target" value="usage" />
    <property name="sun.java.command" value="org.apache.tools.ant.taskdefs.optional.junit.JUnitTestRunner testFile.PhpTravelsTestCase skipNonTests=false filtertrace=true haltOnError=false haltOnFailure=false formatter=org.apache.tools.ant.taskdefs.optional.junit.SummaryJUnitResultFormatter showoutput=false outputtoformatters=true logfailedtests=true threadid=0 logtestlistenerevents=false formatter=org.apache.tools.ant.taskdefs.optional.junit.XMLJUnitResultFormatter,C:\Selenium_Workspace_Re\PhpTravels_Junit_Ant_Reports\report\20180716-201124\TEST-testFile.PhpTravelsTestCase.xml crashfile=C:\Selenium_Workspace_Re\PhpTravels_Junit_Ant_Reports\junitvmwatcher5099823695190137954.properties propsfile=C:\Selenium_Workspace_Re\PhpTravels_Junit_Ant_Reports\junit5794549455338397080.properties" />
    <property name="env.RUN_DISPLAY_URL" value="http://localhost:8080/job/PhpTravels_Junit_Ant_Reports/2/display/redirect" />
    <property name="env.NUMBER_OF_PROCESSORS" value="4" />
    <property name="env.APPDATA" value="C:\WINDOWS\system32\config\systemprofile\AppData\Roaming" />
    <property name="ant.file" value="C:\Selenium_Workspace_Re\PhpTravels_Junit_Ant_Reports\build.xml" />
    <property name="env.MSMPI_BIN" value="C:\Program Files\Microsoft MPI\Bin\" />
    <property name="env.BUILD_TAG" value="jenkins-PhpTravels_Junit_Ant_Reports-2" />
    <property name="start.time" value="07/16/2018 08:11 PM" />
    <property name="java.io.tmpdir" value="C:\WINDOWS\TEMP\" />
    <property name="TODAY" value="July 16 2018" />
    <property name="user.language" value="en" />
    <property name="env.SystemDrive" value="C:" />
    <property name="line.separator" value="&#xd;&#xa;" />
    <property name="ant.file.type" value="file" />
    <property name="ANT" value="C:\Users\Hems\Downloads\Programs\apache-ant-1.10.3-bin\apache-ant-1.10.3/bin/ant.bat" />
    <property name="env.JOB_NAME" value="PhpTravels_Junit_Ant_Reports" />
    <property name="java.vm.info" value="mixed mode" />
    <property name="env.BUILD_DISPLAY_NAME" value="#2" />
    <property name="sun.desktop" value="windows" />
    <property name="java.vm.specification.name" value="Java Virtual Machine Specification" />
    <property name="env.JOB_DISPLAY_URL" value="http://localhost:8080/job/PhpTravels_Junit_Ant_Reports/display/redirect" />
    <property name="env.BUILD_URL" value="http://localhost:8080/job/PhpTravels_Junit_Ant_Reports/2/" />
    <property name="env.M2_HOME" value="C:\apache-maven-3.5.4-bin\apache-maven-3.5.4\" />
    <property name="env.PATHEXT" value=".COM;.EXE;.BAT;.CMD;.VBS;.VBE;.JS;.JSE;.WSF;.WSH;.MSC" />
    <property name="java.awt.printerjob" value="sun.awt.windows.WPrinterJob" />
    <property name="env.HUDSON_SERVER_COOKIE" value="73c1d21d4cdf66df" />
    <property name="env.PUBLIC" value="C:\Users\Public" />
    <property name="test.src" value="C:\Selenium_Workspace_Re\PhpTravels_Junit_Ant_Reports/src" />
    <property name="ant.version" value="Apache Ant(TM) version 1.10.3 compiled on March 24 2018" />
    <property name="env.USERDOMAIN" value="WORKGROUP" />
    <property name="env.VBOX_MSI_INSTALL_PATH" value="C:\Program Files\Oracle\VirtualBox\" />
    <property name="env.PROCESSOR_LEVEL" value="6" />
    <property name="env.windir" value="C:\WINDOWS" />
    <property name="env.BUILD_NUMBER" value="2" />
    <property name="env.CommonProgramFiles(x86)" value="C:\Program Files (x86)\Common Files" />
    <property name="os.name" value="Windows 10" />
    <property name="java.specification.vendor" value="Oracle Corporation" />
    <property name="env.TMP" value="C:\WINDOWS\TEMP" />
    <property name="java.vm.name" value="Java HotSpot(TM) 64-Bit Server VM" />
    <property name="env.ProgramData" value="C:\ProgramData" />
    <property name="env.JOB_URL" value="http://localhost:8080/job/PhpTravels_Junit_Ant_Reports/" />
    <property name="env.OS" value="Windows_NT" />
    <property name="java.library.path" value="C:\Program Files\Java\jdk1.8.0_144\jre\bin;C:\WINDOWS\Sun\Java\bin;C:\WINDOWS\system32;C:\WINDOWS;C:\Program Files\Java\jdk1.8.0_144/bin;C:\Users\Hems\Downloads\Programs\apache-ant-1.10.3-bin\apache-ant-1.10.3/bin;C:\Program Files\Java\jdk1.8.0_144/bin;C:\Users\Hems\Downloads\Programs\apache-ant-1.10.3-bin\apache-ant-1.10.3/bin;C:\Program Files\Java\jdk1.8.0_144/bin;C:\oraclexe\app\oracle\product\11.2.0\server\bin;C:\Program Files\Microsoft MPI\Bin\;C:\app\Hems\product\11.2.0\dbhome_1\bin;C:\app\Hems\product\11.2.0\dbhome_2\bin;C:\app\oracle\product\12.1.0\dbhome_2\bin;C:\ProgramData\Oracle\Java\javapath;C:\WINDOWS\system32;C:\WINDOWS;C:\WINDOWS\System32\Wbem;C:\WINDOWS\System32\WindowsPowerShell\v1.0\;C:\Program Files\Microsoft SQL Server\120\Tools\Binn\;C:\Program Files\Microsoft SQL Server\130\Tools\Binn\;C:\Program Files (x86)\MySQL\MySQL Utilities 1.4.3\;C:\Program Files (x86)\MySQL\MySQL Utilities 1.4.3\Doctrine extensions for PHP\;C:\Program Files (x86)\Windows Kits\8.1\Windows Performance Toolkit\;C:\Program Files\Git\cmd;C:\Program Files (x86)\Microsoft SQL Server\130\Tools\Binn\;C:\Program Files (x86)\Microsoft SQL Server\130\DTS\Binn\;C:\Program Files\Microsoft SQL Server\130\DTS\Binn\;C:\Program Files\Microsoft SQL Server\Client SDK\ODBC\130\Tools\Binn\;C:\Program Files (x86)\Microsoft SQL Server\Client SDK\ODBC\130\Tools\Binn\;C:\Program Files (x86)\Microsoft SQL Server\130\Tools\Binn\ManagementStudio\;C:\Users\Hems\Downloads\Programs\apache-ant-1.10.3-bin\apache-ant-1.10.3\bin;C:\Program Files (x86)\Microsoft SQL Server\120\DTS\Binn\;C:\Program Files\Microsoft\Web Platform Installer\;C:\Program Files\dotnet\;C:\Program Files\Microsoft SDKs\Service Fabric\Tools\ServiceFabricLocalClusterManager;C:\Program Files\MongoDB\Server\3.4\bin;C:\Program Files\Intel\WiFi\bin\;C:\Program Files\Common Files\Intel\WirelessCommon\;C:\Program Files (x86)\Skype\Phone\;C:\Program Files\nodejs\;C:\xampp\php;C:\ProgramData\ComposerSetup\bin;C:\Users\Hems\Desktop\pythonStuff;&quot;;C:\mongodb&quot;;;C:\WINDOWS\System32\OpenSSH\;C:\apache-maven-3.5.4-bin\apache-maven-3.5.4\bin;C:\Program Files\allure-2.6.0\allure-2.6.0\bin;C:\Program Files\Java\jdk1.8.0_144\bin;C:\WINDOWS\system32\config\systemprofile\AppData\Local\Microsoft\WindowsApps;." />
    <property name="env.HUDSON_URL" value="http://localhost:8080/" />
    <property name="ant.java.version" value="1.8" />
    <property name="env.WINSW_SERVICE_ID" value="Jenkins" />
    <property name="env.JENKINS_URL" value="http://localhost:8080/" />
    <property name="basedir" value="C:\Selenium_Workspace_Re\PhpTravels_Junit_Ant_Reports" />
    <property name="java.class.version" value="52.0" />
    <property name="ant.home" value="C:\Users\Hems\Downloads\Programs\apache-ant-1.10.3-bin\apache-ant-1.10.3" />
    <property name="env.Path" value="C:\Program Files\Java\jdk1.8.0_144/bin;C:\Users\Hems\Downloads\Programs\apache-ant-1.10.3-bin\apache-ant-1.10.3/bin;C:\Program Files\Java\jdk1.8.0_144/bin;C:\Users\Hems\Downloads\Programs\apache-ant-1.10.3-bin\apache-ant-1.10.3/bin;C:\Program Files\Java\jdk1.8.0_144/bin;C:\oraclexe\app\oracle\product\11.2.0\server\bin;C:\Program Files\Microsoft MPI\Bin\;C:\app\Hems\product\11.2.0\dbhome_1\bin;C:\app\Hems\product\11.2.0\dbhome_2\bin;C:\app\oracle\product\12.1.0\dbhome_2\bin;C:\ProgramData\Oracle\Java\javapath;C:\WINDOWS\system32;C:\WINDOWS;C:\WINDOWS\System32\Wbem;C:\WINDOWS\System32\WindowsPowerShell\v1.0\;C:\Program Files\Microsoft SQL Server\120\Tools\Binn\;C:\Program Files\Microsoft SQL Server\130\Tools\Binn\;C:\Program Files (x86)\MySQL\MySQL Utilities 1.4.3\;C:\Program Files (x86)\MySQL\MySQL Utilities 1.4.3\Doctrine extensions for PHP\;C:\Program Files (x86)\Windows Kits\8.1\Windows Performance Toolkit\;C:\Program Files\Git\cmd;C:\Program Files (x86)\Microsoft SQL Server\130\Tools\Binn\;C:\Program Files (x86)\Microsoft SQL Server\130\DTS\Binn\;C:\Program Files\Microsoft SQL Server\130\DTS\Binn\;C:\Program Files\Microsoft SQL Server\Client SDK\ODBC\130\Tools\Binn\;C:\Program Files (x86)\Microsoft SQL Server\Client SDK\ODBC\130\Tools\Binn\;C:\Program Files (x86)\Microsoft SQL Server\130\Tools\Binn\ManagementStudio\;C:\Users\Hems\Downloads\Programs\apache-ant-1.10.3-bin\apache-ant-1.10.3\bin;C:\Program Files (x86)\Microsoft SQL Server\120\DTS\Binn\;C:\Program Files\Microsoft\Web Platform Installer\;C:\Program Files\dotnet\;C:\Program Files\Microsoft SDKs\Service Fabric\Tools\ServiceFabricLocalClusterManager;C:\Program Files\MongoDB\Server\3.4\bin;C:\Program Files\Intel\WiFi\bin\;C:\Program Files\Common Files\Intel\WirelessCommon\;C:\Program Files (x86)\Skype\Phone\;C:\Program Files\nodejs\;C:\xampp\php;C:\ProgramData\ComposerSetup\bin;C:\Users\Hems\Desktop\pythonStuff;&quot;;C:\mongodb&quot;;;C:\WINDOWS\System32\OpenSSH\;C:\apache-maven-3.5.4-bin\apache-maven-3.5.4\bin;C:\Program Files\allure-2.6.0\allure-2.6.0\bin;C:\Program Files\Java\jdk1.8.0_144\bin;C:\WINDOWS\system32\config\systemprofile\AppData\Local\Microsoft\WindowsApps" />
    <property name="env.JENKINS_HOME" value="C:\Program Files (x86)\Jenkins" />
    <property name="env.BASE" value="C:\Program Files (x86)\Jenkins" />
    <property name="test.reportsDir" value="report/20180716-201124" />
    <property name="env.RUN_CHANGES_DISPLAY_URL" value="http://localhost:8080/job/PhpTravels_Junit_Ant_Reports/2/display/redirect?page=changes" />
    <property name="sun.boot.library.path" value="C:\Program Files\Java\jdk1.8.0_144\jre\bin" />
    <property name="env.PROCESSOR_REVISION" value="4501" />
    <property name="sun.management.compiler" value="HotSpot 64-Bit Tiered Compilers" />
    <property name="java.awt.graphicsenv" value="sun.awt.Win32GraphicsEnvironment" />
    <property name="user.variant" value="" />
    <property name="ant.file.JunitProject2" value="C:\Selenium_Workspace_Re\PhpTravels_Junit_Ant_Reports\build.xml" />
    <property name="env.asl.log" value="Destination=file" />
    <property name="ant.project.name" value="JunitProject2" />
    <property name="java.vm.specification.version" value="1.8" />
    <property name="awt.toolkit" value="sun.awt.windows.WToolkit" />
    <property name="env.MAVEN_HOME" value="C:\apache-maven-3.5.4-bin\apache-maven-3.5.4\bin" />
    <property name="sun.cpu.isalist" value="amd64" />
    <property name="java.ext.dirs" value="C:\Program Files\Java\jdk1.8.0_144\jre\lib\ext;C:\WINDOWS\Sun\Java\lib\ext" />
    <property name="os.version" value="10.0" />
    <property name="user.home" value="C:\WINDOWS\system32\config\systemprofile" />
    <property name="java.vm.vendor" value="Oracle Corporation" />
    <property name="env.DriverData" value="C:\Windows\System32\Drivers\DriverData" />
    <property name="env.CommonProgramW6432" value="C:\Program Files\Common Files" />
    <property name="env.JAVA_HOME" value="C:\Program Files\Java\jdk1.8.0_144" />
    <property name="env.ProgramW6432" value="C:\Program Files" />
    <property name="user.dir" value="C:\Selenium_Workspace_Re\PhpTravels_Junit_Ant_Reports" />
    <property name="test.classpath" value="C:\SeleniumJars\SaxonLiaison.jar:C:\SeleniumJars\dom4j-1.1.jar:C:\SeleniumJars\extentreports-2.41.2.jar:C:\SeleniumJars\freemarker-2.3.23.jar:C:\SeleniumJars\java-client-6.1.0.jar:C:\SeleniumJars\jcommander-1.48.jar:C:\SeleniumJars\junit-4.12.jar:C:\SeleniumJars\log4j-1.2.14.jar:C:\SeleniumJars\poi-3.6-20091214.jar:C:\SeleniumJars\poi-ooxml-3.6-20091214.jar:C:\SeleniumJars\poi-ooxml-schemas-3.6-20091214.jar:C:\SeleniumJars\reporty-ng-1.2.jar:C:\SeleniumJars\saxon-8.7.jar:C:\SeleniumJars\selenium-server-standalone-2.53.1.jar:C:\SeleniumJars\testng-6.14.3.jar:C:\SeleniumJars\xmlbeans-2.3.0.jar" />
    <property name="sun.cpu.endian" value="little" />
    <property name="env._USE_CLASSPATH" value="no" />
    <property name="env.ALLUSERSPROFILE" value="C:\ProgramData" />
    <property name="C" value="Selenium_Workspace_RePhpTravels_Junit_Ant_ReportssrcdataFiledata.properties" />
    <property name="env.WINSW_EXECUTABLE" value="C:\Program Files (x86)\Jenkins\jenkins.exe" />
    <property name="env.PROCESSOR_ARCHITECTURE" value="AMD64" />
    <property name="java.vm.version" value="25.144-b01" />
    <property name="java.class.path" value="C:\Selenium_Workspace_Re\PhpTravels_Junit_Ant_Reports\build;C:\SeleniumJars\SaxonLiaison.jar;C:\SeleniumJars\dom4j-1.1.jar;C:\SeleniumJars\extentreports-2.41.2.jar;C:\SeleniumJars\freemarker-2.3.23.jar;C:\SeleniumJars\java-client-6.1.0.jar;C:\SeleniumJars\jcommander-1.48.jar;C:\SeleniumJars\junit-4.12.jar;C:\SeleniumJars\log4j-1.2.14.jar;C:\SeleniumJars\poi-3.6-20091214.jar;C:\SeleniumJars\poi-ooxml-3.6-20091214.jar;C:\SeleniumJars\poi-ooxml-schemas-3.6-20091214.jar;C:\SeleniumJars\reporty-ng-1.2.jar;C:\SeleniumJars\saxon-8.7.jar;C:\SeleniumJars\selenium-server-standalone-2.53.1.jar;C:\SeleniumJars\testng-6.14.3.jar;C:\SeleniumJars\xmlbeans-2.3.0.jar;C:\Users\Hems\Downloads\Programs\apache-ant-1.10.3-bin\apache-ant-1.10.3\lib\ant-launcher.jar;C:\Users\Hems\Downloads\Programs\apache-ant-1.10.3-bin\apache-ant-1.10.3\lib\ant.jar;C:\Users\Hems\Downloads\Programs\apache-ant-1.10.3-bin\apache-ant-1.10.3\lib\ant-junit.jar;C:\Users\Hems\Downloads\Programs\apache-ant-1.10.3-bin\apache-ant-1.10.3\lib\ant-junit4.jar" />
    <property name="DSTAMP" value="20180716" />
    <property name="ant.library.dir" value="C:\Users\Hems\Downloads\Programs\apache-ant-1.10.3-bin\apache-ant-1.10.3\lib" />
    <property name="os.arch" value="amd64" />
    <property name="sun.java.launcher" value="SUN_STANDARD" />
    <property name="env.CommonProgramFiles" value="C:\Program Files\Common Files" />
    <property name="env.BUILD_ID" value="2" />
    <property name="ant.core.lib" value="C:\Users\Hems\Downloads\Programs\apache-ant-1.10.3-bin\apache-ant-1.10.3\lib\ant.jar" />
    <property name="env.ProgramFiles" value="C:\Program Files" />
    <property name="java.vm.specification.vendor" value="Oracle Corporation" />
    <property name="TSTAMP" value="2011" />
    <property name="file.separator" value="\" />
    <property name="env.UOIPME_REG_PATH" value="C:\Program Files\Intel Corporation\USB over IP" />
    <property name="env.ANT_CMD_LINE_ARGS" value=" -file build.xml -DC Selenium_Workspace_RePhpTravels_Junit_Ant_ReportssrcdataFiledata.properties clean compile run" />
    <property name="java.runtime.version" value="1.8.0_144-b01" />
    <property name="sun.boot.class.path" value="C:\Program Files\Java\jdk1.8.0_144\jre\lib\resources.jar;C:\Program Files\Java\jdk1.8.0_144\jre\lib\rt.jar;C:\Program Files\Java\jdk1.8.0_144\jre\lib\sunrsasign.jar;C:\Program Files\Java\jdk1.8.0_144\jre\lib\jsse.jar;C:\Program Files\Java\jdk1.8.0_144\jre\lib\jce.jar;C:\Program Files\Java\jdk1.8.0_144\jre\lib\charsets.jar;C:\Program Files\Java\jdk1.8.0_144\jre\lib\jfr.jar;C:\Program Files\Java\jdk1.8.0_144\jre\classes" />
    <property name="env.ANDROID_NDK_PATH" value="C:\Program Files\Android\ndk\android-ndk-r11c" />
    <property name="env.ComSpec" value="C:\WINDOWS\system32\cmd.exe" />
    <property name="env.WORKSPACE" value="C:\Program Files (x86)\Jenkins\workspace\PhpTravels_Junit_Ant_Reports" />
    <property name="env.TEMP" value="C:\WINDOWS\TEMP" />
    <property name="env.VS110COMNTOOLS" value="C:\Program Files (x86)\Microsoft Visual Studio 11.0\Common7\Tools\" />
    <property name="ws.home" value="C:\Selenium_Workspace_Re\PhpTravels_Junit_Ant_Reports" />
    <property name="user.country" value="CA" />
    <property name="env.ANT_HOME" value="C:\Users\Hems\Downloads\Programs\apache-ant-1.10.3-bin\apache-ant-1.10.3" />
    <property name="env.EXECUTOR_NUMBER" value="0" />
    <property name="env.JOB_BASE_NAME" value="PhpTravels_Junit_Ant_Reports" />
    <property name="java.vendor" value="Oracle Corporation" />
    <property name="env.PSModulePath" value="C:\WINDOWS\system32\WindowsPowerShell\v1.0\Modules\;C:\Program Files (x86)\Microsoft SQL Server\130\Tools\PowerShell\Modules\;C:\Program Files\WindowsPowerShell\Modules\;C:\Program Files (x86)\Microsoft SDKs\Azure\PowerShell\ResourceManager\AzureResourceManager\;C:\Program Files (x86)\Microsoft SDKs\Azure\PowerShell\ServiceManagement\;C:\Program Files (x86)\Microsoft SDKs\Azure\PowerShell\Storage\" />
    <property name="env.HUDSON_COOKIE" value="41adfb0f-692b-4075-a8d6-26e76b2af70a" />
    <property name="java.specification.version" value="1.8" />
    <property name="sun.arch.data.model" value="64" />
  </properties>
  <testcase classname="testFile.PhpTravelsTestCase" name="enterFlightDataTest" time="36.494">
    <error message="element not visible&#xa;  (Session info: chrome=67.0.3396.99)&#xa;  (Driver info: chromedriver=2.39.562718 (9a2698cba08cf5a471a29d30c8b3e12becabb0e9),platform=Windows NT 10.0.17134 x86_64) (WARNING: The server did not provide any stacktrace information)&#xa;Command duration or timeout: 107 milliseconds&#xa;Build info: version: &apos;2.53.1&apos;, revision: &apos;a36b8b1&apos;, time: &apos;2016-06-30 17:37:03&apos;&#xa;System info: host: &apos;Hems&apos;, ip: &apos;192.168.0.20&apos;, os.name: &apos;Windows 10&apos;, os.arch: &apos;amd64&apos;, os.version: &apos;10.0&apos;, java.version: &apos;1.8.0_144&apos;&#xa;Driver info: org.openqa.selenium.chrome.ChromeDriver&#xa;Capabilities [{applicationCacheEnabled=false, rotatable=false, mobileEmulationEnabled=false, networkConnectionEnabled=false, chrome={chromedriverVersion=2.39.562718 (9a2698cba08cf5a471a29d30c8b3e12becabb0e9), userDataDir=C:\WINDOWS\TEMP\scoped_dir4376_15921}, takesHeapSnapshot=true, pageLoadStrategy=normal, databaseEnabled=false, handlesAlerts=true, hasTouchScreen=false, version=67.0.3396.99, platform=XP, browserConnectionEnabled=false, nativeEvents=true, acceptSslCerts=false, acceptInsecureCerts=false, locationContextEnabled=true, webStorageEnabled=true, browserName=chrome, takesScreenshot=true, javascriptEnabled=true, cssSelectorsEnabled=true, setWindowRect=true, unexpectedAlertBehaviour=}]&#xa;Session ID: 4b73eb6f150ff1c6928995033d8862a4" type="org.openqa.selenium.ElementNotVisibleException">org.openqa.selenium.ElementNotVisibleException: element not visible
  (Session info: chrome=67.0.3396.99)
  (Driver info: chromedriver=2.39.562718 (9a2698cba08cf5a471a29d30c8b3e12becabb0e9),platform=Windows NT 10.0.17134 x86_64) (WARNING: The server did not provide any stacktrace information)
Command duration or timeout: 107 milliseconds
Build info: version: &apos;2.53.1&apos;, revision: &apos;a36b8b1&apos;, time: &apos;2016-06-30 17:37:03&apos;
System info: host: &apos;Hems&apos;, ip: &apos;192.168.0.20&apos;, os.name: &apos;Windows 10&apos;, os.arch: &apos;amd64&apos;, os.version: &apos;10.0&apos;, java.version: &apos;1.8.0_144&apos;
Driver info: org.openqa.selenium.chrome.ChromeDriver
Capabilities [{applicationCacheEnabled=false, rotatable=false, mobileEmulationEnabled=false, networkConnectionEnabled=false, chrome={chromedriverVersion=2.39.562718 (9a2698cba08cf5a471a29d30c8b3e12becabb0e9), userDataDir=C:\WINDOWS\TEMP\scoped_dir4376_15921}, takesHeapSnapshot=true, pageLoadStrategy=normal, databaseEnabled=false, handlesAlerts=true, hasTouchScreen=false, version=67.0.3396.99, platform=XP, browserConnectionEnabled=false, nativeEvents=true, acceptSslCerts=false, acceptInsecureCerts=false, locationContextEnabled=true, webStorageEnabled=true, browserName=chrome, takesScreenshot=true, javascriptEnabled=true, cssSelectorsEnabled=true, setWindowRect=true, unexpectedAlertBehaviour=}]
Session ID: 4b73eb6f150ff1c6928995033d8862a4
	at java.lang.reflect.Constructor.newInstance(Constructor.java:423)
	at org.openqa.selenium.remote.ErrorHandler.createThrowable(ErrorHandler.java:206)
	at org.openqa.selenium.remote.ErrorHandler.throwIfResponseFailed(ErrorHandler.java:158)
	at org.openqa.selenium.remote.RemoteWebDriver.execute(RemoteWebDriver.java:678)
	at org.openqa.selenium.remote.RemoteWebElement.execute(RemoteWebElement.java:327)
	at org.openqa.selenium.remote.RemoteWebElement.click(RemoteWebElement.java:85)
	at org.openqa.selenium.support.pagefactory.internal.LocatingElementHandler.invoke(LocatingElementHandler.java:51)
	at com.sun.proxy.$Proxy6.click(Unknown Source)
	at mainPageFile.PhpTravels.roundtrip(PhpTravels.java:152)
	at testFile.PhpTravelsTestCase.enterFlightDataTest(PhpTravelsTestCase.java:50)
</error>
  </testcase>
  <system-out><![CDATA[]]></system-out>
  <system-err><![CDATA[Starting ChromeDriver 2.39.562718 (9a2698cba08cf5a471a29d30c8b3e12becabb0e9) on port 20532
Only local connections are allowed.
log4j:WARN No appenders could be found for logger (org.apache.http.client.protocol.RequestAddCookies).
log4j:WARN Please initialize the log4j system properly.
]]></system-err>
</testsuite>
